[13:49:20] [main/INFO]: Loading tweak class name optifine.OptiFineTweaker
[13:49:20] [main/INFO]: Using primary tweak class name optifine.OptiFineTweaker
[13:49:20] [main/INFO]: Calling tweak class optifine.OptiFineTweaker
[13:49:20] [main/INFO]: [OptiFine] OptiFineTweaker: acceptOptions
[13:49:20] [main/INFO]: [OptiFine] OptiFineTweaker: injectIntoClassLoader
[13:49:20] [main/INFO]: [OptiFine] OptiFine ClassTransformer
[13:49:20] [main/INFO]: [OptiFine] OptiFine ZIP file: C:\Users\naepi\AppData\Roaming\Crystal-Launcher\instances\of_1.18.2\libraries\optifine.jar
[13:49:20] [main/INFO]: [OptiFine] OptiFineTweaker: getLaunchArguments
[13:49:20] [main/INFO]: [OptiFine] OptiFineTweaker: getLaunchTarget
[13:49:20] [main/INFO]: Launching wrapped minecraft {net.minecraft.client.main.Main}
[13:49:22] [main/INFO]: [OptiFine] (Reflector) Class not present: net.minecraftforge.eventbus.api.Event$Result
[13:49:22] [main/INFO]: [OptiFine] (Reflector) Class not present: net.minecraftforge.common.extensions.IForgeEntity
[13:49:22] [main/INFO]: [OptiFine] (Reflector) Class not present: net.minecraftforge.logging.CrashReportExtender
[13:49:23] [main/INFO]: [OptiFine] (Reflector) Method not present: aid.create
[13:49:27] [Render thread/INFO]: [OptiFine] (Reflector) Class not present: net.minecraftforge.client.ForgeHooksClient
[13:49:27] [Render thread/INFO]: Environment: authHost='https://authserver.mojang.com', accountsHost='https://api.mojang.com', sessionHost='https://sessionserver.mojang.com', servicesHost='https://api.minecraftservices.com', name='PROD'
[13:49:28] [Render thread/ERROR]: Failed to verify authentication
com.mojang.authlib.exceptions.InvalidCredentialsException: Status: 401
	at com.mojang.authlib.exceptions.MinecraftClientHttpException.toAuthenticationException(MinecraftClientHttpException.java:56) ~[MinecraftClientHttpException.class:?]
	at com.mojang.authlib.yggdrasil.YggdrasilUserApiService.fetchProperties(YggdrasilUserApiService.java:132) ~[YggdrasilUserApiService.class:?]
	at com.mojang.authlib.yggdrasil.YggdrasilUserApiService.<init>(YggdrasilUserApiService.java:44) ~[YggdrasilUserApiService.class:?]
	at com.mojang.authlib.yggdrasil.YggdrasilAuthenticationService.createUserApiService(YggdrasilAuthenticationService.java:153) ~[YggdrasilAuthenticationService.class:?]
	at dyr.a(SourceFile:680) [dyr.class:?]
	at dyr.<init>(SourceFile:424) [dyr.class:?]
	at net.minecraft.client.main.Main.main(SourceFile:197) [Main.class:?]
	at jdk.internal.reflect.NativeMethodAccessorImpl.invoke0(Native Method) ~[?:?]
	at jdk.internal.reflect.NativeMethodAccessorImpl.invoke(NativeMethodAccessorImpl.java:77) ~[?:?]
	at jdk.internal.reflect.DelegatingMethodAccessorImpl.invoke(DelegatingMethodAccessorImpl.java:43) ~[?:?]
	at java.lang.reflect.Method.invoke(Method.java:568) ~[?:?]
	at net.minecraft.launchwrapper.Launch.launch(Launch.java:159) [launchwrapper.jar:2.3]
	at net.minecraft.launchwrapper.Launch.main(Launch.java:30) [launchwrapper.jar:2.3]
	at jdk.internal.reflect.NativeMethodAccessorImpl.invoke0(Native Method) ~[?:?]
	at jdk.internal.reflect.NativeMethodAccessorImpl.invoke(NativeMethodAccessorImpl.java:77) ~[?:?]
	at jdk.internal.reflect.DelegatingMethodAccessorImpl.invoke(DelegatingMethodAccessorImpl.java:43) ~[?:?]
	at java.lang.reflect.Method.invoke(Method.java:568) ~[?:?]
	at crystallauncher.MinecraftConstructor.run(MinecraftConstructor.java:29) [proxyserver.jar:?]
	at crystallauncher.MineClient.start(MineClient.java:228) [proxyserver.jar:?]
	at crystallauncher.MineClient.main(MineClient.java:36) [proxyserver.jar:?]
Caused by: com.mojang.authlib.exceptions.MinecraftClientHttpException: Status: 401
	at com.mojang.authlib.minecraft.client.MinecraftClient.readInputStream(MinecraftClient.java:78) ~[MinecraftClient.class:?]
	at com.mojang.authlib.minecraft.client.MinecraftClient.get(MinecraftClient.java:48) ~[MinecraftClient.class:?]
	at com.mojang.authlib.yggdrasil.YggdrasilUserApiService.fetchProperties(YggdrasilUserApiService.java:113) ~[YggdrasilUserApiService.class:?]
	... 18 more
[13:49:28] [Render thread/INFO]: Setting user: PiesVR
[13:49:28] [Render thread/INFO]: [OptiFine] (Reflector) Class not present: net.minecraftforge.client.settings.KeyConflictContext
[13:49:28] [Render thread/INFO]: [OptiFine] (Reflector) Method not present: dyo.getKeyModifier
[13:49:28] [Render thread/INFO]: Backend library: LWJGL version 3.2.2 build 10
[13:49:29] [Render thread/INFO]: [OptiFine] (Reflector) Method not present: net.minecraftforge.fml.loading.progress.EarlyProgressVisualization.handOffWindow
[13:49:30] [Render thread/INFO]: [OptiFine] 
[13:49:30] [Render thread/INFO]: [OptiFine] OptiFine_1.18.2_HD_U_H9_pre3
[13:49:30] [Render thread/INFO]: [OptiFine] Build: 20230325-191000
[13:49:30] [Render thread/INFO]: [OptiFine] OS: Windows 10 (amd64) version 10.0
[13:49:30] [Render thread/INFO]: [OptiFine] Java: 17.0.1, Microsoft
[13:49:30] [Render thread/INFO]: [OptiFine] VM: OpenJDK 64-Bit Server VM (mixed mode, sharing), Microsoft
[13:49:30] [Render thread/INFO]: [OptiFine] LWJGL: 3.3.0 Win32 WGL EGL OSMesa VisualC DLL
[13:49:30] [Render thread/INFO]: [OptiFine] OpenGL: NVIDIA GeForce RTX 3060/PCIe/SSE2, version 3.2.0 NVIDIA 531.79, NVIDIA Corporation
[13:49:30] [Render thread/INFO]: [OptiFine] OpenGL Version: 3.2.0
[13:49:30] [Render thread/INFO]: [OptiFine] Maximum texture size: 32768x32768
[13:49:30] [VersionCheck/INFO]: [OptiFine] Checking for new version
[13:49:30] [Render thread/INFO]: [Shaders] OpenGL Version: 3.2.0 NVIDIA 531.79
[13:49:30] [Render thread/INFO]: [Shaders] Vendor:  NVIDIA Corporation
[13:49:30] [Render thread/INFO]: [Shaders] Renderer: NVIDIA GeForce RTX 3060/PCIe/SSE2
[13:49:30] [Render thread/INFO]: [Shaders] Capabilities:  2.0  2.1  3.0  3.2  - 
[13:49:30] [Render thread/INFO]: [Shaders] GL_MAX_DRAW_BUFFERS: 8
[13:49:30] [Render thread/INFO]: [Shaders] GL_MAX_COLOR_ATTACHMENTS: 8
[13:49:30] [Render thread/INFO]: [Shaders] GL_MAX_TEXTURE_IMAGE_UNITS: 32
[13:49:30] [Render thread/INFO]: [Shaders] Load shaders configuration.
[13:49:30] [Render thread/INFO]: [Shaders] Loaded shaderpack: SEUS-Renewed-v1.0.1.zip
[13:49:30] [Render thread/INFO]: [OptiFine] [Shaders] Worlds: -1, 1
[13:49:30] [Render thread/WARN]: [OptiFine] Ambiguous shader option: GENERAL_GRASS_FIX
[13:49:30] [Render thread/WARN]: [OptiFine]  - in gbuffers_terrain.vsh: true
[13:49:30] [Render thread/WARN]: [OptiFine]  - in gbuffers_damagedblock.vsh: false
[13:49:30] [Render thread/WARN]: [OptiFine] Ambiguous shader option: SHADOW_MAP_BIAS
[13:49:30] [Render thread/WARN]: [OptiFine]  - in shadow.vsh, composite.fsh: 0.90
[13:49:30] [Render thread/WARN]: [OptiFine]  - in composite2.fsh: 0.9
[13:49:30] [VersionCheck/INFO]: [OptiFine] Version found: H6
[13:49:30] [Render thread/WARN]: [OptiFine] [Shaders] Option profile can not be used, no profiles defined: <profile>, key: screen
[13:49:30] [Render thread/WARN]: [OptiFine] [Shaders] Invalid option: ATMOSPHERIC_SCATTERING, key: screen.ATMOSPHERICS
[13:49:30] [Render thread/WARN]: [OptiFine] [Shaders] Invalid option: ATMOSPHERIC_HAZE, key: screen.ATMOSPHERICS
[13:49:30] [Render thread/WARN]: [OptiFine] [Shaders] Invalid option: CREPUSCULAR_RAYS, key: screen.ATMOSPHERICS
[13:49:30] [Render thread/WARN]: [OptiFine] [Shaders] Invalid option: VOLUMETRIC_CLOUDS, key: screen.ATMOSPHERICS
[13:49:30] [Render thread/WARN]: [OptiFine] [Shaders] Invalid option: HQ_VOLUMETRIC_CLOUDS, key: screen.ATMOSPHERICS
[13:49:30] [Render thread/WARN]: [OptiFine] [Shaders] Invalid option: SMOOTH_CLOUDS, key: screen.ATMOSPHERICS
[13:49:30] [Render thread/WARN]: [OptiFine] [Shaders] Invalid option: ENABLE_SOFT_SHADOWS, key: screen.LIGHTING
[13:49:30] [Render thread/WARN]: [OptiFine] [Shaders] Invalid option: PIXEL_SHADOWS, key: screen.LIGHTING
[13:49:30] [Render thread/WARN]: [OptiFine] [Shaders] Invalid option: TONEMAP_STRENGTH, key: screen.LIGHTING
[13:49:30] [Render thread/WARN]: [OptiFine] [Shaders] Invalid option: BRIGHTNESS_LEVEL, key: screen.LIGHTING
[13:49:30] [Render thread/WARN]: [OptiFine] [Shaders] Invalid option: WATER_CAUSTICS, key: screen.SURFACE
[13:49:30] [Render thread/INFO]: [OptiFine] (Reflector) Class not present: net.minecraftforge.fml.ModList
[13:49:30] [Render thread/INFO]: [OptiFine] Using legacy block aliases: flattening_ids.txt
[13:49:31] [Render thread/INFO]: [OptiFine] Legacy block aliases: 2751
[13:49:31] [Render thread/WARN]: [OptiFine] (Reflector) java.lang.ClassNotFoundException: sun.misc.SharedSecrets
[13:49:31] [Render thread/WARN]: [OptiFine] (Reflector) java.lang.ClassNotFoundException: jdk.internal.misc.SharedSecrets
[13:49:31] [Render thread/WARN]: [OptiFine] (Reflector) java.lang.ClassNotFoundException: sun.misc.VM
[13:49:31] [Render thread/WARN]: [OptiFine] (Reflector) java.lang.reflect.InaccessibleObjectException: Unable to make public static long jdk.internal.misc.VM.maxDirectMemory() accessible: module java.base does not "exports jdk.internal.misc" to unnamed module @56179575
[13:49:31] [Render thread/INFO]: [Shaders] Custom texture: texture.gbuffers.gaux1 = textures/RippleAnimation1.png
[13:49:31] [Render thread/INFO]: [Shaders] Custom texture: texture.gbuffers.gaux2 = textures/RippleAnimation2.png
[13:49:31] [Render thread/INFO]: [Shaders] Custom texture: texture.gbuffers.gaux3 = textures/RippleAnimation3.png
[13:49:31] [Render thread/INFO]: [OptiFine] (Reflector) Class not present: net.minecraftforge.client.ItemModelMesherForge
[13:49:32] [Render thread/INFO]: [OptiFine] (Reflector) Class not present: net.minecraftforge.client.model.pipeline.ForgeBlockModelRenderer
[13:49:32] [Render thread/INFO]: Narrator library for x64 successfully loaded
[13:49:32] [Render thread/INFO]: Reloading ResourceManager: Default
[13:49:32] [Render thread/INFO]: [OptiFine] *** Reloading textures ***
[13:49:32] [Render thread/INFO]: [OptiFine] Resource packs: Default
[13:49:32] [Worker-Main-20/INFO]: [OptiFine] (Reflector) Class not present: net.minecraftforge.client.model.ModelLoaderRegistry
[13:49:32] [Worker-Main-18/INFO]: [OptiFine] Multitexture: false
[13:49:32] [Worker-Main-12/INFO]: [OptiFine] Multitexture: false
[13:49:32] [Worker-Main-13/INFO]: [OptiFine] Multitexture: false
[13:49:32] [Render thread/INFO]: [OptiFine] (Reflector) Class not present: net.minecraftforge.client.gui.ModListScreen
[13:49:32] [Render thread/INFO]: [OptiFine] (Reflector) Class not present: net.minecraftforge.client.gui.NotificationModUpdateScreen
[13:49:33] [Render thread/INFO]: [OptiFine] (Reflector) Method not present: eqn.canRenderInLayer
[13:49:33] [Render thread/INFO]: [OptiFine] *** Reflector Forge ***
[13:49:33] [Render thread/INFO]: [OptiFine] (Reflector) Class not present: mods.betterfoliage.client.BetterFoliageClient
[13:49:33] [Render thread/INFO]: [OptiFine] (Reflector) Class not present: net.minecraftforge.internal.BrandingControl
[13:49:33] [Render thread/INFO]: [OptiFine] (Reflector) Class not present: net.minecraftforge.common.capabilities.ICapabilityProvider
[13:49:33] [Render thread/INFO]: [OptiFine] (Reflector) Class not present: net.minecraftforge.common.capabilities.CapabilityProvider
[13:49:33] [Render thread/INFO]: [OptiFine] (Reflector) Class not present: net.minecraftforge.client.loading.ClientModLoader
[13:49:33] [Render thread/INFO]: [OptiFine] (Reflector) Class not present: net.minecraftforge.event.world.ChunkDataEvent$Save
[13:49:33] [Render thread/INFO]: [OptiFine] (Reflector) Class not present: net.minecraftforge.event.world.ChunkEvent$Load
[13:49:33] [Render thread/INFO]: [OptiFine] (Reflector) Class not present: net.minecraftforge.event.world.ChunkEvent$Unload
[13:49:33] [Render thread/INFO]: [OptiFine] (Reflector) Class not present: net.minecraftforge.client.event.EntityRenderersEvent$AddLayers
[13:49:33] [Render thread/INFO]: [OptiFine] (Reflector) Class not present: net.minecraftforge.client.event.EntityRenderersEvent$CreateSkullModels
[13:49:33] [Render thread/INFO]: [OptiFine] (Reflector) Class not present: net.minecraftforge.event.entity.EntityLeaveWorldEvent
[13:49:33] [Render thread/INFO]: [OptiFine] (Reflector) Class not present: net.minecraftforge.client.event.EntityViewRenderEvent$CameraSetup
[13:49:33] [Render thread/INFO]: [OptiFine] (Reflector) Class not present: net.minecraftforge.client.event.EntityViewRenderEvent$FogColors
[13:49:33] [Render thread/INFO]: [OptiFine] (Reflector) Class not present: net.minecraftforge.client.event.EntityViewRenderEvent$RenderFogEvent
[13:49:33] [Render thread/INFO]: [OptiFine] (Reflector) Class not present: net.minecraftforge.event.entity.EntityJoinWorldEvent
[13:49:33] [Render thread/INFO]: [OptiFine] (Reflector) Method not present: net.minecraftforge.eventbus.api.Event.getResult
[13:49:33] [Render thread/INFO]: [OptiFine] (Reflector) Class not present: net.minecraftforge.eventbus.api.IEventBus
[13:49:33] [Render thread/INFO]: [OptiFine] (Reflector) Method not present: eri.getTexture
[13:49:33] [Render thread/INFO]: [OptiFine] (Reflector) Method not present: net.minecraftforge.common.extensions.IForgeBlockState.getLightEmission
[13:49:33] [Render thread/INFO]: [OptiFine] (Reflector) Method not present: net.minecraftforge.common.extensions.IForgeBlockState.getSoundType
[13:49:33] [Render thread/INFO]: [OptiFine] (Reflector) Method not present: net.minecraftforge.common.extensions.IForgeBlockState.getStateAtViewpoint
[13:49:33] [Render thread/INFO]: [OptiFine] (Reflector) Method not present: net.minecraftforge.common.extensions.IForgeBlockState.shouldDisplayFluidOverlay
[13:49:33] [Render thread/INFO]: [OptiFine] (Reflector) Class not present: net.minecraftforge.common.extensions.IForgeFluid
[13:49:33] [Render thread/INFO]: [OptiFine] (Reflector) Class not present: net.minecraftforge.fluids.FluidAttributes
[13:49:33] [Render thread/INFO]: [OptiFine] (Reflector) Class not present: net.minecraftforge.common.extensions.IForgePlayer
[13:49:33] [Render thread/INFO]: [OptiFine] (Reflector) Field not present: adi.currentlyLoading
[13:49:33] [Render thread/INFO]: [OptiFine] (Reflector) Class not present: net.minecraftforge.event.ForgeEventFactory
[13:49:33] [Render thread/INFO]: [OptiFine] (Reflector) Class not present: net.minecraftforge.common.ForgeHooks
[13:49:33] [Render thread/INFO]: [OptiFine] (Reflector) Field not present: net.minecraftforge.common.ForgeConfig$Client.experimentalForgeLightPipelineEnabled
[13:49:33] [Render thread/INFO]: [OptiFine] (Reflector) Field not present: net.minecraftforge.common.ForgeConfig$Client.useCombinedDepthStencilAttachment
[13:49:33] [Render thread/INFO]: [OptiFine] (Reflector) Field not present: net.minecraftforge.common.ForgeConfigSpec.childConfig
[13:49:33] [Render thread/INFO]: [OptiFine] (Reflector) Field not present: net.minecraftforge.common.ForgeConfigSpec$ConfigValue.defaultSupplier
[13:49:33] [Render thread/INFO]: [OptiFine] (Reflector) Field not present: net.minecraftforge.common.ForgeConfigSpec$ConfigValue.spec
[13:49:33] [Render thread/INFO]: [OptiFine] (Reflector) Method not present: net.minecraftforge.common.ForgeConfigSpec$ConfigValue.get
[13:49:33] [Render thread/INFO]: [OptiFine] (Reflector) Method not present: cqq.getWorldForge
[13:49:33] [Render thread/INFO]: [OptiFine] (Reflector) Class not present: net.minecraftforge.common.extensions.IForgeItem
[13:49:33] [Render thread/INFO]: [OptiFine] (Reflector) Class not present: net.minecraftforge.common.extensions.IForgeItemStack
[13:49:33] [Render thread/INFO]: [OptiFine] (Reflector) Class not present: net.minecraftforge.common.ForgeI18n
[13:49:33] [Render thread/INFO]: [OptiFine] (Reflector) Method not present: dyo.setKeyConflictContext
[13:49:33] [Render thread/INFO]: [OptiFine] (Reflector) Method not present: dyo.setKeyModifierAndCode
[13:49:33] [Render thread/INFO]: [OptiFine] (Reflector) Method not present: dkc.render
[13:49:33] [Render thread/INFO]: [OptiFine] (Reflector) Class not present: net.minecraftforge.registries.ForgeRegistryEntry
[13:49:33] [Render thread/INFO]: [OptiFine] (Reflector) Method not present: eqn.canRenderInLayer
[13:49:33] [Render thread/INFO]: [OptiFine] (Reflector) Method not present: bvl.getStyleModifier
[13:49:33] [Render thread/INFO]: [OptiFine] (Reflector) Constructor not present: aea, params: class aeb, int, class java.lang.Object, boolean
[13:49:33] [Render thread/INFO]: [OptiFine] (Reflector) Field not present: aea.forceTicks
[13:49:33] [Render thread/INFO]: [OptiFine] (Reflector) Method not present: aea.isForceTicks
[13:49:33] [Render thread/INFO]: [OptiFine] (Reflector) Class not present: net.minecraftforge.common.extensions.IForgeBlockEntity
[13:49:33] [Render thread/INFO]: [OptiFine] (Reflector) Method not present: eqh.getCloudRenderHandler
[13:49:33] [Render thread/INFO]: [OptiFine] (Reflector) Method not present: eqh.getSkyRenderHandler
[13:49:33] [Render thread/INFO]: [OptiFine] (Reflector) Method not present: eqh.getWeatherParticleRenderHandler
[13:49:33] [Render thread/INFO]: [OptiFine] (Reflector) Method not present: eqh.getWeatherRenderHandler
[13:49:33] [Render thread/INFO]: [OptiFine] (Reflector) Class not present: net.minecraftforge.client.settings.KeyModifier
[13:49:33] [Render thread/INFO]: [OptiFine] (Reflector) Class not present: net.minecraftforge.client.model.pipeline.LightUtil
[13:49:33] [Render thread/INFO]: [OptiFine] (Reflector) Class not present: net.minecraftforge.common.MinecraftForge
[13:49:33] [Render thread/INFO]: [OptiFine] (Reflector) Class not present: net.minecraftforge.client.MinecraftForgeClient
[13:49:33] [Render thread/INFO]: [OptiFine] (Reflector) Class not present: net.minecraftforge.fml.ModContainer
[13:49:33] [Render thread/INFO]: [OptiFine] (Reflector) Class not present: net.minecraftforge.fml.ModLoader
[13:49:33] [Render thread/INFO]: [OptiFine] (Reflector) Class not present: net.minecraftforge.event.entity.PlaySoundAtEntityEvent
[13:49:33] [Render thread/INFO]: [OptiFine] (Reflector) Class not present: net.minecraftforge.client.event.RegisterShadersEvent
[13:49:33] [Render thread/INFO]: [OptiFine] (Reflector) Class not present: net.minecraftforge.client.event.RenderBlockOverlayEvent$OverlayType
[13:49:33] [Render thread/INFO]: [OptiFine] (Reflector) Class not present: net.minecraftforge.client.event.RenderGameOverlayEvent$BossInfo
[13:49:33] [Render thread/INFO]: [OptiFine] (Reflector) Class not present: net.minecraftforge.client.event.RenderItemInFrameEvent
[13:49:33] [Render thread/INFO]: [OptiFine] (Reflector) Class not present: net.minecraftforge.client.event.RenderLivingEvent$Pre
[13:49:33] [Render thread/INFO]: [OptiFine] (Reflector) Class not present: net.minecraftforge.client.event.RenderLivingEvent$Post
[13:49:33] [Render thread/INFO]: [OptiFine] (Reflector) Class not present: net.minecraftforge.client.event.RenderNameplateEvent
[13:49:33] [Render thread/INFO]: [OptiFine] (Reflector) Method not present: net.minecraftforge.client.RenderProperties.getEffectRenderer
[13:49:33] [Render thread/INFO]: [OptiFine] (Reflector) Method not present: net.minecraftforge.client.RenderProperties.getEffectRenderer
[13:49:33] [Render thread/INFO]: [OptiFine] (Reflector) Class not present: net.minecraftforge.client.event.ScreenshotEvent
[13:49:33] [Render thread/INFO]: [OptiFine] (Reflector) Class not present: net.minecraftforge.server.ServerLifecycleHooks
[13:49:33] [Render thread/INFO]: [OptiFine] (Reflector) Method not present: epj.updateSprite
[13:49:33] [Render thread/INFO]: [OptiFine] (Reflector) Class not present: net.minecraftforge.event.world.WorldEvent$Load
[13:49:33] [Render thread/INFO]: [OptiFine] *** Reflector Vanilla ***
[13:49:33] [Realms Notification Availability checker #1/INFO]: Could not authorize you against Realms server: Invalid session id
[13:49:35] [Worker-Main-20/INFO]: [OptiFine] Multitexture: false
[13:49:35] [Worker-Main-20/INFO]: [OptiFine] ConnectedTextures: optifine/ctm/default/00_glass_white/glass_pane_white.properties
[13:49:35] [Worker-Main-20/INFO]: [OptiFine] ConnectedTextures: optifine/ctm/default/00_glass_white/glass_white.properties
[13:49:35] [Worker-Main-20/INFO]: [OptiFine] ConnectedTextures: optifine/ctm/default/01_glass_orange/glass_orange.properties
[13:49:35] [Worker-Main-20/INFO]: [OptiFine] ConnectedTextures: optifine/ctm/default/01_glass_orange/glass_pane_orange.properties
[13:49:35] [Worker-Main-20/INFO]: [OptiFine] ConnectedTextures: optifine/ctm/default/02_glass_magenta/glass_magenta.properties
[13:49:35] [Worker-Main-20/INFO]: [OptiFine] ConnectedTextures: optifine/ctm/default/02_glass_magenta/glass_pane_magenta.properties
[13:49:35] [Worker-Main-20/INFO]: [OptiFine] ConnectedTextures: optifine/ctm/default/03_glass_light_blue/glass_light_blue.properties
[13:49:35] [Worker-Main-20/INFO]: [OptiFine] ConnectedTextures: optifine/ctm/default/03_glass_light_blue/glass_pane_light_blue.properties
[13:49:35] [Worker-Main-20/INFO]: [OptiFine] ConnectedTextures: optifine/ctm/default/04_glass_yellow/glass_pane_yellow.properties
[13:49:35] [Worker-Main-20/INFO]: [OptiFine] ConnectedTextures: optifine/ctm/default/04_glass_yellow/glass_yellow.properties
[13:49:35] [Worker-Main-20/INFO]: [OptiFine] ConnectedTextures: optifine/ctm/default/05_glass_lime/glass_lime.properties
[13:49:35] [Worker-Main-20/INFO]: [OptiFine] ConnectedTextures: optifine/ctm/default/05_glass_lime/glass_pane_lime.properties
[13:49:35] [Worker-Main-20/INFO]: [OptiFine] ConnectedTextures: optifine/ctm/default/06_glass_pink/glass_pane_pink.properties
[13:49:35] [Worker-Main-20/INFO]: [OptiFine] ConnectedTextures: optifine/ctm/default/06_glass_pink/glass_pink.properties
[13:49:35] [Worker-Main-20/INFO]: [OptiFine] ConnectedTextures: optifine/ctm/default/07_glass_gray/glass_gray.properties
[13:49:35] [Worker-Main-20/INFO]: [OptiFine] ConnectedTextures: optifine/ctm/default/07_glass_gray/glass_pane_gray.properties
[13:49:35] [Worker-Main-20/INFO]: [OptiFine] ConnectedTextures: optifine/ctm/default/08_glass_light_gray/glass_light_gray.properties
[13:49:35] [Worker-Main-20/INFO]: [OptiFine] ConnectedTextures: optifine/ctm/default/08_glass_light_gray/glass_pane_light_gray.properties
[13:49:35] [Worker-Main-20/INFO]: [OptiFine] ConnectedTextures: optifine/ctm/default/09_glass_cyan/glass_cyan.properties
[13:49:35] [Worker-Main-20/INFO]: [OptiFine] ConnectedTextures: optifine/ctm/default/09_glass_cyan/glass_pane_cyan.properties
[13:49:35] [Worker-Main-20/INFO]: [OptiFine] ConnectedTextures: optifine/ctm/default/10_glass_purple/glass_pane_purple.properties
[13:49:35] [Worker-Main-20/INFO]: [OptiFine] ConnectedTextures: optifine/ctm/default/10_glass_purple/glass_purple.properties
[13:49:35] [Worker-Main-20/INFO]: [OptiFine] ConnectedTextures: optifine/ctm/default/11_glass_blue/glass_blue.properties
[13:49:35] [Worker-Main-20/INFO]: [OptiFine] ConnectedTextures: optifine/ctm/default/11_glass_blue/glass_pane_blue.properties
[13:49:35] [Worker-Main-20/INFO]: [OptiFine] ConnectedTextures: optifine/ctm/default/12_glass_brown/glass_brown.properties
[13:49:35] [Worker-Main-20/INFO]: [OptiFine] ConnectedTextures: optifine/ctm/default/12_glass_brown/glass_pane_brown.properties
[13:49:35] [Worker-Main-20/INFO]: [OptiFine] ConnectedTextures: optifine/ctm/default/13_glass_green/glass_green.properties
[13:49:35] [Worker-Main-20/INFO]: [OptiFine] ConnectedTextures: optifine/ctm/default/13_glass_green/glass_pane_green.properties
[13:49:35] [Worker-Main-20/INFO]: [OptiFine] ConnectedTextures: optifine/ctm/default/14_glass_red/glass_pane_red.properties
[13:49:35] [Worker-Main-20/INFO]: [OptiFine] ConnectedTextures: optifine/ctm/default/14_glass_red/glass_red.properties
[13:49:35] [Worker-Main-20/INFO]: [OptiFine] ConnectedTextures: optifine/ctm/default/15_glass_black/glass_black.properties
[13:49:35] [Worker-Main-20/INFO]: [OptiFine] ConnectedTextures: optifine/ctm/default/15_glass_black/glass_pane_black.properties
[13:49:35] [Worker-Main-20/INFO]: [OptiFine] ConnectedTextures: optifine/ctm/default/20_glass/glass.properties
[13:49:35] [Worker-Main-20/INFO]: [OptiFine] ConnectedTextures: optifine/ctm/default/20_glass/glass_pane.properties
[13:49:35] [Worker-Main-20/INFO]: [OptiFine] ConnectedTextures: optifine/ctm/default/21_tinted_glass/tinted_glass.properties
[13:49:35] [Worker-Main-20/INFO]: [OptiFine] ConnectedTextures: optifine/ctm/default/30_bookshelf/bookshelf.properties
[13:49:35] [Worker-Main-20/INFO]: [OptiFine] ConnectedTextures: optifine/ctm/default/40_sandstone/sandstone.properties
[13:49:35] [Worker-Main-20/INFO]: [OptiFine] ConnectedTextures: optifine/ctm/default/41_red_sandstone/red_sandstone.properties
[13:49:35] [Worker-Main-20/INFO]: [OptiFine] Multipass connected textures: false
[13:49:35] [Worker-Main-20/INFO]: [OptiFine] BetterGrass: Parsing default configuration optifine/bettergrass.properties
[13:49:37] [Worker-Main-20/INFO]: [OptiFine] Mipmap levels: 4
[13:49:38] [Worker-Main-20/INFO]: [OptiFine] Multitexture: false
[13:49:38] [Worker-Main-20/INFO]: [OptiFine] Sprite size: 64
[13:49:38] [Worker-Main-20/INFO]: [OptiFine] Mipmap levels: 6
[13:49:38] [Worker-Main-20/INFO]: [OptiFine] Scaled too small texture: minecraft:optifine/ctm/default/empty, 16 -> 64
[13:49:38] [Worker-Main-20/WARN]: Unused frames in sprite minecraft:missingno: [1, 2, 3, 4, 5, 6, 7, 8, 9, 10, 11, 12, 13, 14, 15]
[13:49:39] [Worker-Main-20/INFO]: [OptiFine] Multitexture: false
[13:49:39] [Worker-Main-20/INFO]: [OptiFine] Sprite size: 64
[13:49:39] [Worker-Main-20/INFO]: [OptiFine] Mipmap levels: 6
[13:49:39] [Worker-Main-20/INFO]: [OptiFine] Scaled too small texture: minecraft:optifine/ctm/default/empty, 16 -> 64
[13:49:39] [Worker-Main-20/WARN]: Unused frames in sprite minecraft:missingno: [1, 2, 3, 4, 5, 6, 7, 8, 9, 10, 11, 12, 13, 14, 15]
[13:49:39] [Worker-Main-20/INFO]: [OptiFine] Multitexture: false
[13:49:39] [Worker-Main-20/INFO]: [OptiFine] Sprite size: 64
[13:49:39] [Worker-Main-20/INFO]: [OptiFine] Mipmap levels: 6
[13:49:39] [Worker-Main-20/INFO]: [OptiFine] Scaled too small texture: minecraft:optifine/ctm/default/empty, 16 -> 64
[13:49:39] [Worker-Main-20/WARN]: Unused frames in sprite minecraft:missingno: [1, 2, 3, 4, 5, 6, 7, 8, 9, 10, 11, 12, 13, 14, 15]
[13:49:39] [Worker-Main-20/INFO]: [OptiFine] Multitexture: false
[13:49:39] [Worker-Main-20/INFO]: [OptiFine] Sprite size: 64
[13:49:39] [Worker-Main-20/INFO]: [OptiFine] Mipmap levels: 6
[13:49:39] [Worker-Main-20/INFO]: [OptiFine] Scaled too small texture: minecraft:optifine/ctm/default/empty, 16 -> 64
[13:49:39] [Worker-Main-20/WARN]: Unused frames in sprite minecraft:missingno: [1, 2, 3, 4, 5, 6, 7, 8, 9, 10, 11, 12, 13, 14, 15]
[13:49:39] [Worker-Main-20/INFO]: [OptiFine] Multitexture: false
[13:49:39] [Worker-Main-20/INFO]: [OptiFine] Sprite size: 64
[13:49:39] [Worker-Main-20/INFO]: [OptiFine] Mipmap levels: 6
[13:49:39] [Worker-Main-20/INFO]: [OptiFine] Scaled too small texture: minecraft:optifine/ctm/default/empty, 16 -> 64
[13:49:39] [Worker-Main-20/WARN]: Unused frames in sprite minecraft:missingno: [1, 2, 3, 4, 5, 6, 7, 8, 9, 10, 11, 12, 13, 14, 15]
[13:49:39] [Worker-Main-20/INFO]: [OptiFine] Multitexture: false
[13:49:39] [Worker-Main-20/INFO]: [OptiFine] Sprite size: 64
[13:49:39] [Worker-Main-20/INFO]: [OptiFine] Mipmap levels: 6
[13:49:39] [Worker-Main-20/INFO]: [OptiFine] Scaled too small texture: minecraft:optifine/ctm/default/empty, 16 -> 64
[13:49:39] [Worker-Main-20/WARN]: Unused frames in sprite minecraft:missingno: [1, 2, 3, 4, 5, 6, 7, 8, 9, 10, 11, 12, 13, 14, 15]
[13:49:39] [Render thread/INFO]: OpenAL initialized on device OpenAL Soft on G³oœniki (High Definition Audio Device)
[13:49:39] [Render thread/INFO]: Sound engine started
[13:49:39] [Render thread/INFO]: Created: 1024x1024x4 minecraft:textures/atlas/blocks.png-atlas
[13:49:39] [Render thread/INFO]: [Shaders] Allocate texture map normal: 1024x1024, mipmaps: 4
[13:49:39] [Render thread/INFO]: [Shaders] Allocate texture map specular: 1024x1024, mipmaps: 4
[13:49:39] [Render thread/INFO]: [OptiFine] Animated sprites: 45
[13:49:39] [Render thread/INFO]: Created: 256x128x4 minecraft:textures/atlas/signs.png-atlas
[13:49:39] [Render thread/INFO]: [Shaders] Allocate texture map normal: 256x128, mipmaps: 4
[13:49:39] [Render thread/INFO]: [Shaders] Allocate texture map specular: 256x128, mipmaps: 4
[13:49:39] [Render thread/INFO]: [OptiFine] Animated sprites: 0
[13:49:39] [Render thread/INFO]: Created: 512x512x4 minecraft:textures/atlas/banner_patterns.png-atlas
[13:49:39] [Render thread/INFO]: [Shaders] Allocate texture map normal: 512x512, mipmaps: 4
[13:49:39] [Render thread/INFO]: [Shaders] Allocate texture map specular: 512x512, mipmaps: 4
[13:49:39] [Render thread/INFO]: [OptiFine] Animated sprites: 0
[13:49:39] [Render thread/INFO]: Created: 512x512x4 minecraft:textures/atlas/shield_patterns.png-atlas
[13:49:39] [Render thread/INFO]: [Shaders] Allocate texture map normal: 512x512, mipmaps: 4
[13:49:39] [Render thread/INFO]: [Shaders] Allocate texture map specular: 512x512, mipmaps: 4
[13:49:39] [Render thread/INFO]: [OptiFine] Animated sprites: 0
[13:49:39] [Render thread/INFO]: Created: 256x256x4 minecraft:textures/atlas/chest.png-atlas
[13:49:39] [Render thread/INFO]: [Shaders] Allocate texture map normal: 256x256, mipmaps: 4
[13:49:39] [Render thread/INFO]: [Shaders] Allocate texture map specular: 256x256, mipmaps: 4
[13:49:39] [Render thread/INFO]: [OptiFine] Animated sprites: 0
[13:49:39] [Render thread/INFO]: Created: 512x256x4 minecraft:textures/atlas/beds.png-atlas
[13:49:39] [Render thread/INFO]: [Shaders] Allocate texture map normal: 512x256, mipmaps: 4
[13:49:39] [Render thread/INFO]: [Shaders] Allocate texture map specular: 512x256, mipmaps: 4
[13:49:39] [Render thread/INFO]: [OptiFine] Animated sprites: 0
[13:49:39] [Render thread/INFO]: Created: 512x256x4 minecraft:textures/atlas/shulker_boxes.png-atlas
[13:49:39] [Render thread/INFO]: [Shaders] Allocate texture map normal: 512x256, mipmaps: 4
[13:49:39] [Render thread/INFO]: [Shaders] Allocate texture map specular: 512x256, mipmaps: 4
[13:49:39] [Render thread/INFO]: [OptiFine] Animated sprites: 0
[13:49:40] [Render thread/INFO]: Created: 256x256x0 minecraft:textures/atlas/particles.png-atlas
[13:49:40] [Render thread/INFO]: [Shaders] Allocate texture map normal: 256x256, mipmaps: 0
[13:49:40] [Render thread/INFO]: [Shaders] Allocate texture map specular: 256x256, mipmaps: 0
[13:49:40] [Render thread/INFO]: [OptiFine] Animated sprites: 1
[13:49:40] [Render thread/INFO]: Created: 256x256x0 minecraft:textures/atlas/paintings.png-atlas
[13:49:40] [Render thread/INFO]: [Shaders] Allocate texture map normal: 256x256, mipmaps: 0
[13:49:40] [Render thread/INFO]: [Shaders] Allocate texture map specular: 256x256, mipmaps: 0
[13:49:40] [Render thread/INFO]: [OptiFine] Animated sprites: 0
[13:49:40] [Render thread/INFO]: Created: 128x128x0 minecraft:textures/atlas/mob_effects.png-atlas
[13:49:40] [Render thread/INFO]: [Shaders] Allocate texture map normal: 128x128, mipmaps: 0
[13:49:40] [Render thread/INFO]: [Shaders] Allocate texture map specular: 128x128, mipmaps: 0
[13:49:40] [Render thread/INFO]: [OptiFine] Animated sprites: 0
[13:49:40] [Render thread/INFO]: [OptiFine] *** Reloading custom textures ***
[13:49:42] [Render thread/INFO]: [OptiFine] Disable Forge light pipeline
[13:49:52] [Render thread/INFO]: Connecting to ttproxy.cluB, 25565
[13:49:54] [Render thread/INFO]: [CHAT] \n\n\n\n\n\n\n\n\n\n\n\n\n\n\n\n\n\n\n\n\n\n\n\n\n\n\n\n\n\n\n\n\n\n\n\n\n\n\n\n\n\n\n\n\n\n\n\n\n\n\n\n\n\n\n
[13:49:55] [Render thread/INFO]: Environment: authHost='https://authserver.mojang.com', accountsHost='https://api.mojang.com', sessionHost='https://sessionserver.mojang.com', servicesHost='https://api.minecraftservices.com', name='PROD'
[13:49:55] [Render thread/INFO]: Environment: authHost='https://authserver.mojang.com', accountsHost='https://api.mojang.com', sessionHost='https://sessionserver.mojang.com', servicesHost='https://api.minecraftservices.com', name='PROD'
[13:49:55] [Render thread/INFO]: Environment: authHost='https://authserver.mojang.com', accountsHost='https://api.mojang.com', sessionHost='https://sessionserver.mojang.com', servicesHost='https://api.minecraftservices.com', name='PROD'
[13:49:55] [Render thread/INFO]: [CHAT] §8[§3§l*§8]§9»§3 §8[§5ELITE§8]§9 §5PiesVR §7joined the proxy!
[13:49:55] [Render thread/INFO]: [CHAT] §8[§3§l*§8]§9»§3 §7You have been successfully §3auto logged in!
[13:49:55] [Render thread/INFO]: [CHAT] 
[13:49:55] [Render thread/INFO]: [CHAT] §8[§3§l*§8]§9»§3 §7Account type: §3ELITE
[13:49:55] [Render thread/INFO]: [CHAT] §8[§3§l*§8]§9»§3 §7Account validity: §3LIFETIME
[13:49:55] [Render thread/INFO]: [CHAT] 
[13:49:55] [Render thread/INFO]: [CHAT] §8[§3§l*§8]§9»§3 §7Last update §316/07/2022 14:46:50
[13:49:55] [Render thread/INFO]: [Shaders] Custom texture: texture.gbuffers.gaux1 = textures/RippleAnimation1.png
[13:49:55] [Render thread/INFO]: [Shaders] Custom texture: texture.gbuffers.gaux2 = textures/RippleAnimation2.png
[13:49:55] [Render thread/INFO]: [Shaders] Custom texture: texture.gbuffers.gaux3 = textures/RippleAnimation3.png
[13:49:55] [Render thread/INFO]: [Shaders] Program loaded: shadow
[13:49:55] [Render thread/INFO]: [Shaders] Program loaded: gbuffers_basic
[13:49:55] [Render thread/INFO]: [Shaders] Program info log: gbuffers_textured
Vertex info
-----------
0(28) : warning C7050: "tangent" might be used before being initialized
0(29) : warning C7050: "binormal" might be used before being initialized
[13:49:55] [Render thread/INFO]: [Shaders] Program loaded: gbuffers_textured
[13:49:55] [Render thread/INFO]: [Shaders] Program info log: gbuffers_textured_lit
Vertex info
-----------
0(28) : warning C7050: "tangent" might be used before being initialized
0(29) : warning C7050: "binormal" might be used before being initialized
[13:49:55] [Render thread/INFO]: [Shaders] Program loaded: gbuffers_textured_lit
[13:49:55] [Render thread/INFO]: [Shaders] Program loaded: gbuffers_skybasic
[13:49:55] [Render thread/INFO]: [Shaders] Program loaded: gbuffers_skytextured
[13:49:55] [Render thread/INFO]: [Shaders] Program info log: gbuffers_terrain
Vertex info
-----------
0(34) : warning C7050: "tangent" might be used before being initialized
0(35) : warning C7050: "binormal" might be used before being initialized
[13:49:55] [Render thread/INFO]: [Shaders] Program loaded: gbuffers_terrain
[13:49:55] [Render thread/INFO]: [Shaders] Program info log: gbuffers_damagedblock
Vertex info
-----------
0(34) : warning C7050: "tangent" might be used before being initialized
0(35) : warning C7050: "binormal" might be used before being initialized
[13:49:55] [Render thread/INFO]: [Shaders] Program loaded: gbuffers_damagedblock
[13:49:55] [Render thread/INFO]: [Shaders] Program info log: gbuffers_entities
Vertex info
-----------
0(28) : warning C7050: "tangent" might be used before being initialized
0(29) : warning C7050: "binormal" might be used before being initialized
[13:49:55] [Render thread/INFO]: [Shaders] Program loaded: gbuffers_entities
[13:49:55] [Render thread/INFO]: [Shaders] Program info log: gbuffers_armor_glint
Vertex info
-----------
0(28) : warning C7050: "tangent" might be used before being initialized
0(29) : warning C7050: "binormal" might be used before being initialized
[13:49:55] [Render thread/INFO]: [Shaders] Program loaded: gbuffers_armor_glint
[13:49:55] [Render thread/INFO]: [Shaders] Program info log: gbuffers_hand
Vertex info
-----------
0(28) : warning C7050: "tangent" might be used before being initialized
0(29) : warning C7050: "binormal" might be used before being initialized
[13:49:55] [Render thread/INFO]: [Shaders] Program loaded: gbuffers_hand
[13:49:55] [Render thread/INFO]: [Shaders] Program loaded: gbuffers_weather
[13:49:55] [Render thread/INFO]: [Shaders] Program info log: gbuffers_water
Vertex info
-----------
0(21) : warning C7050: "tangent" might be used before being initialized
0(22) : warning C7050: "binormal" might be used before being initialized
[13:49:55] [Render thread/INFO]: [Shaders] Program loaded: gbuffers_water
[13:49:55] [Render thread/INFO]: [Shaders] Shadow map distance: 120.0
[13:49:55] [Render thread/INFO]: [Shaders] shadowHardwareFiltering0
[13:49:55] [Render thread/INFO]: [Shaders] shadowtex1Mipmap
[13:49:55] [Render thread/INFO]: [Shaders] shadowcolor0Mipmap
[13:49:55] [Render thread/INFO]: [Shaders] shadowcolor1Mipmap
[13:49:55] [Render thread/INFO]: [Shaders] Noise texture enabled
[13:49:55] [Render thread/INFO]: [Shaders] Noise texture resolution: 64
[13:49:55] [Render thread/INFO]: [Shaders] Program loaded: composite
[13:49:55] [Render thread/INFO]: [Shaders] Program loaded: composite1
[13:49:56] [Render thread/INFO]: [Shaders] Shadow map resolution: 2048
[13:49:56] [Render thread/INFO]: [Shaders] Shadow map distance: 120.0
[13:49:56] [Render thread/INFO]: [Shaders] Shadow map interval size: 4.0
[13:49:56] [Render thread/INFO]: [Shaders] shadowHardwareFiltering0
[13:49:56] [Render thread/INFO]: [Shaders] shadowtex1Mipmap
[13:49:56] [Render thread/INFO]: [Shaders] shadowcolor0Mipmap
[13:49:56] [Render thread/INFO]: [Shaders] shadowcolor1Mipmap
[13:49:56] [Render thread/INFO]: [Shaders] Shadow distance render mul: 1.0
[13:49:56] [Render thread/INFO]: [Shaders] gcolor format: RGB8
[13:49:56] [Render thread/INFO]: [Shaders] gdepth format: RGBA8
[13:49:56] [Render thread/INFO]: [Shaders] gnormal format: RGB16
[13:49:56] [Render thread/INFO]: [Shaders] composite format: RGB8
[13:49:56] [Render thread/INFO]: [Shaders] gaux1 format: RGBA16
[13:49:56] [Render thread/INFO]: [Shaders] gaux2 format: RGBA8
[13:49:56] [Render thread/INFO]: [Shaders] gaux3 format: RGBA16
[13:49:56] [Render thread/INFO]: [Shaders] gaux4 format: RGBA16
[13:49:56] [Render thread/INFO]: [Shaders] Sun path rotation: -40.0
[13:49:56] [Render thread/INFO]: [Shaders] Noise texture enabled
[13:49:56] [Render thread/INFO]: [Shaders] Noise texture resolution: 64
[13:49:56] [Render thread/INFO]: [Shaders] AO Level: 0.06
[13:49:56] [Render thread/INFO]: [Shaders] gaux3 mipmap enabled
[13:49:56] [Render thread/INFO]: [Shaders] gaux4 clear disabled
[13:49:56] [Render thread/INFO]: [Shaders] Wetness halflife: 1.0
[13:49:56] [Render thread/INFO]: [Shaders] Dryness halflife: 60.0
[13:49:56] [Render thread/INFO]: [Shaders] Program loaded: composite2
[13:49:56] [Render thread/INFO]: [Shaders] Noise texture enabled
[13:49:56] [Render thread/INFO]: [Shaders] Noise texture resolution: 64
[13:49:56] [Render thread/INFO]: [Shaders] gaux3 mipmap enabled
[13:49:56] [Render thread/INFO]: [Shaders] Program loaded: composite3
[13:49:56] [Render thread/INFO]: [Shaders] gaux3 mipmap enabled
[13:49:56] [Render thread/INFO]: [Shaders] Program loaded: composite4
[13:49:56] [Render thread/INFO]: [Shaders] Program loaded: composite5
[13:49:56] [Render thread/INFO]: [Shaders] Program loaded: composite6
[13:49:56] [Render thread/INFO]: [Shaders] Program loaded: final
[13:49:56] [Render thread/INFO]: [Shaders] usedColorBuffers: 8
[13:49:56] [Render thread/INFO]: [Shaders] usedDepthBuffers: 2
[13:49:56] [Render thread/INFO]: [Shaders] usedShadowColorBuffers: 2
[13:49:56] [Render thread/INFO]: [Shaders] usedShadowDepthBuffers: 2
[13:49:56] [Render thread/INFO]: [Shaders] usedColorAttachs: 8
[13:49:56] [Render thread/INFO]: [Shaders] usedDrawBuffers: 5
[13:49:56] [Render thread/INFO]: [Shaders] bindImageTextures: false
[13:49:56] [Render thread/INFO]: [Shaders] Framebuffer created: dfb
[13:49:56] [Render thread/INFO]: [Shaders] Framebuffer created: sfb
[13:49:56] [Render thread/INFO]: [Shaders] Reset model renderers
[13:49:56] [Render thread/INFO]: [Shaders] Reset world renderers
[13:50:36] [Render thread/INFO]: [CHAT] §8[§3§l*§8]§9»§3 Correct use: ,connect <hostname> <port> <proxy> <nickname>
[13:50:39] [Render thread/INFO]: [CHAT] §8[§3§l*§8]§9»§3 §7Getting server §3port
[13:50:39] [Render thread/INFO]: [CHAT] §8[§3§l*§8]§9»§3 §7Connecting to §3moon.mcpe.lol.:25669
[13:50:39] [Render thread/INFO]: [CHAT] §8[§3§l*§8]§9»§3 §7Nickname §8(§3Voider§8)
[13:50:39] [Render thread/INFO]: [CHAT] §8[§3§l*§8]§9»§3 §7Pinging §8(§3UK§8) §7ping: §310MS
[13:50:46] [Render thread/INFO]: [CHAT] §8[§3§l*§8]§9»§3 §7Disconnected: §3Server only accepts premium connections
[13:54:07] [Render thread/INFO]: [CHAT] §8[§3§l*§8]§9»§3 §7Player §3koxik8574XDDD §8(§b§kd2gDxV8§8) §7disconnected from §3§kidOvdLd0XcTk3adxRyJA765a
[13:54:08] [Render thread/INFO]: [CHAT] §8[§3§l*§8]§9»§3 §7Player §3koxik8574XDDD §8(§b§k8321mcP§8) §7connected to §3§ksSYI00r9diRGyitIrGoV2cv3
[13:54:24] [Render thread/INFO]: [CHAT] §8[§3§l*§8]§9»§3 §7Player §3koxik8574XDDD §7connecting bots §8(§b200§8) §9§l» §7to server: §3§kOAJXxghgxJJhLRSul§8§k:§3§k56463
[13:55:04] [Render thread/INFO]: [CHAT] §8[§3§l*§8]§9»§3 §8[§5ELITE§8]§9 §5koxik8574XDDD §7left the proxy!
[13:56:20] [Render thread/INFO]: [CHAT] §8[§3§l*§8]§9»§3 §8[§5ELITE§8]§9 §5koxik8574XDDD §7joined the proxy!
[13:57:05] [Render thread/INFO]: [CHAT] §8[§3§l*§8]§9»§3 §7Getting server §3port
[13:57:05] [Render thread/INFO]: [CHAT] §8[§3§l*§8]§9»§3 §7Connecting to §3moon.mcpe.lol.:25669
[13:57:05] [Render thread/INFO]: [CHAT] §8[§3§l*§8]§9»§3 §7Nickname §8(§3PiesVR§8)
[13:57:05] [Render thread/INFO]: [CHAT] §8[§3§l*§8]§9»§3 §7Pinging §8(§3UK§8) §7ping: §310MS
[13:57:06] [Render thread/INFO]: [CHAT] §8[§3§l*§8]§9»§3 §7Disconnected: §3Server only accepts premium connections
[13:57:10] [Render thread/INFO]: [CHAT] §8[§3§l*§8]§9»§3 §7Getting server §3port
[13:57:10] [Render thread/INFO]: [CHAT] §8[§3§l*§8]§9»§3 §7Connecting to §3moon.mcpe.lol.:25669
[13:57:10] [Render thread/INFO]: [CHAT] §8[§3§l*§8]§9»§3 §7Nickname §8(§3VIPEK1990§8)
[13:57:10] [Render thread/INFO]: [CHAT] §8[§3§l*§8]§9»§3 §7Pinging §8(§3UK§8) §7ping: §310MS
[13:57:11] [Render thread/INFO]: [CHAT] §8[§3§l*§8]§9»§3 §7Disconnected: §3Server only accepts premium connections
[13:57:15] [Render thread/INFO]: [CHAT] §8[§3§l*§8]§9»§3 §7Getting server §3port
[13:57:15] [Render thread/INFO]: [CHAT] §8[§3§l*§8]§9»§3 §7Connecting to §3moon.mcpe.lol.:25669
[13:57:15] [Render thread/INFO]: [CHAT] §8[§3§l*§8]§9»§3 §7Nickname §8(§3VIPEEK1990§8)
[13:57:15] [Render thread/INFO]: [CHAT] §8[§3§l*§8]§9»§3 §7Pinging §8(§3UK§8) §7ping: §310MS
[13:57:19] [Render thread/INFO]: [CHAT] §8[§3§l*§8]§9»§3 §7Player §3koxik8574XDDD §8(§b§kCPu9w5A§8) §7connected to §3§kn1AirIio2yjWwDkWl0uVtgya
[13:57:21] [Render thread/INFO]: [CHAT] §8[§3§l*§8]§9»§3 §7Disconnected: §3Server only accepts premium connections
[13:57:33] [Render thread/INFO]: [CHAT] §8[§3§l*§8]§9»§3 §7Getting server §3port
[13:57:33] [Render thread/INFO]: [CHAT] §8[§3§l*§8]§9»§3 §7Connecting to §3moon.mcpe.lol.:25669
[13:57:33] [Render thread/INFO]: [CHAT] §8[§3§l*§8]§9»§3 §7Nickname §8(§3_x_MERP_x_§8)
[13:57:33] [Render thread/INFO]: [CHAT] §8[§3§l*§8]§9»§3 §7Pinging §8(§3UK§8) §7ping: §310MS
[13:57:48] [Render thread/INFO]: [CHAT] §8[§3§l*§8]§9»§3 §7Getting server §3port
[13:57:48] [Render thread/INFO]: [CHAT] §8[§3§l*§8]§9»§3 §7Connecting to §3moon.mcpe.lol.:25669
[13:57:48] [Render thread/INFO]: [CHAT] §8[§3§l*§8]§9»§3 §7Nickname §8(§3_x_MERP_x_§8)
[13:57:48] [Render thread/INFO]: [CHAT] §8[§3§l*§8]§9»§3 §7Pinging §8(§3UK§8) §7ping: §310MS
[13:57:50] [Render thread/INFO]: [CHAT] 
[13:57:50] [Render thread/INFO]: [CHAT] §8[§3§l*§8]§9»§3 §7Online: §35§8/§3200000
[13:57:50] [Render thread/INFO]: [CHAT] §8[§3§l*§8]§9»§3 §7ProtocolVersion: §347
[13:57:50] [Render thread/INFO]: [CHAT] §8[§3§l*§8]§9»§3 §7Version: §3WindSpigot 1.8.8
[13:57:50] [Render thread/INFO]: [CHAT] §8[§3§l*§8]§9»§3 §7MOTD: \n§3A Minecraft Server
[13:57:50] [Render thread/INFO]: [CHAT] §8[§3§l*§8]§9»§3 §7Time ping: §392MS
[13:57:50] [Render thread/INFO]: [CHAT] 
[13:57:50] [Render thread/INFO]: [CHAT] §8[§3§l*§8]§9»§3 §7Disconnected: §3Server only accepts premium connections
[13:58:01] [Render thread/INFO]: [CHAT] §8[§3§l*§8]§9»§3 §7Getting server §3port
[13:58:01] [Render thread/INFO]: [CHAT] §8[§3§l*§8]§9»§3 §7Connecting to §3moon.mcpe.lol.:25669
[13:58:01] [Render thread/INFO]: [CHAT] §8[§3§l*§8]§9»§3 §7Nickname §8(§3BOT2§8)
[13:58:01] [Render thread/INFO]: [CHAT] §8[§3§l*§8]§9»§3 §7Pinging §8(§3UK§8) §7ping: §310MS
[13:58:02] [Render thread/INFO]: [CHAT] 
[13:58:02] [Render thread/INFO]: [CHAT] §8[§3§l*§8]§9»§3 §7Online: §35§8/§3200000
[13:58:02] [Render thread/INFO]: [CHAT] §8[§3§l*§8]§9»§3 §7ProtocolVersion: §347
[13:58:02] [Render thread/INFO]: [CHAT] §8[§3§l*§8]§9»§3 §7Version: §3WindSpigot 1.8.8
[13:58:02] [Render thread/INFO]: [CHAT] §8[§3§l*§8]§9»§3 §7MOTD: \n§3A Minecraft Server
[13:58:02] [Render thread/INFO]: [CHAT] §8[§3§l*§8]§9»§3 §7Disconnected: §3Server only accepts premium connections
[13:58:04] [Render thread/INFO]: [CHAT] §8[§3§l*§8]§9»§3 §7Getting server §3port
[13:58:04] [Render thread/INFO]: [CHAT] §8[§3§l*§8]§9»§3 §7Connecting to §3moon.mcpe.lol.:25669
[13:58:04] [Render thread/INFO]: [CHAT] §8[§3§l*§8]§9»§3 §7Nickname §8(§3BOT1§8)
[13:58:04] [Render thread/INFO]: [CHAT] §8[§3§l*§8]§9»§3 §7Pinging §8(§3UK§8) §7ping: §310MS
[13:58:05] [Render thread/INFO]: [CHAT] §8[§3§l*§8]§9»§3 §7Disconnected: §3Server only accepts premium connections
[13:58:06] [Render thread/INFO]: [CHAT] §8[§3§l*§8]§9»§3 §7Getting server §3port
[13:58:06] [Render thread/INFO]: [CHAT] §8[§3§l*§8]§9»§3 §7Connecting to §3moon.mcpe.lol.:25669
[13:58:06] [Render thread/INFO]: [CHAT] §8[§3§l*§8]§9»§3 §7Nickname §8(§3BOT§8)
[13:58:06] [Render thread/INFO]: [CHAT] §8[§3§l*§8]§9»§3 §7Pinging §8(§3UK§8) §7ping: §310MS
[13:58:06] [Render thread/INFO]: [CHAT] 
[13:58:06] [Render thread/INFO]: [CHAT] §8[§3§l*§8]§9»§3 §7Online: §35§8/§3200000
[13:58:06] [Render thread/INFO]: [CHAT] §8[§3§l*§8]§9»§3 §7ProtocolVersion: §347
[13:58:06] [Render thread/INFO]: [CHAT] §8[§3§l*§8]§9»§3 §7Version: §3WindSpigot 1.8.8
[13:58:06] [Render thread/INFO]: [CHAT] §8[§3§l*§8]§9»§3 §7MOTD: \n§3A Minecraft Server
[13:58:06] [Render thread/INFO]: [CHAT] §8[§3§l*§8]§9»§3 §7Disconnected: §3Server only accepts premium connections
[13:58:07] [Render thread/INFO]: [CHAT] §8[§3§l*§8]§9»§3 §7Getting server §3port
[13:58:07] [Render thread/INFO]: [CHAT] §8[§3§l*§8]§9»§3 §7Connecting to §3moon.mcpe.lol.:25669
[13:58:07] [Render thread/INFO]: [CHAT] §8[§3§l*§8]§9»§3 §7Nickname §8(§3BOT3§8)
[13:58:07] [Render thread/INFO]: [CHAT] §8[§3§l*§8]§9»§3 §7Pinging §8(§3UK§8) §7ping: §310MS
[13:58:08] [Render thread/INFO]: [CHAT] 
[13:58:08] [Render thread/INFO]: [CHAT] §8[§3§l*§8]§9»§3 §7Online: §35§8/§3200000
[13:58:08] [Render thread/INFO]: [CHAT] §8[§3§l*§8]§9»§3 §7ProtocolVersion: §347
[13:58:08] [Render thread/INFO]: [CHAT] §8[§3§l*§8]§9»§3 §7Version: §3WindSpigot 1.8.8
[13:58:08] [Render thread/INFO]: [CHAT] §8[§3§l*§8]§9»§3 §7MOTD: \n§3A Minecraft Server
[13:58:08] [Render thread/INFO]: [CHAT] §8[§3§l*§8]§9»§3 §7Disconnected: §3Server only accepts premium connections
[13:58:11] [Render thread/INFO]: Stopping!
